<?xml version="1.0" encoding="UTF-8" ?>
<testsuite tests="3" failures="0" name="com.whpu.test.ProjectTest" time="0.747" errors="0" skipped="0">
  <properties>
    <property name="idea.version" value="2018.2.2"/>
    <property name="java.runtime.name" value="Java(TM) SE Runtime Environment"/>
    <property name="java.vm.version" value="11.0.4+10-LTS"/>
    <property name="sun.boot.library.path" value="D:\java\bin"/>
    <property name="maven.multiModuleProjectDirectory" value="G:\JavaProjectForIDEA\guoji"/>
    <property name="java.vm.vendor" value="Oracle Corporation"/>
    <property name="java.vendor.url" value="http://java.oracle.com/"/>
    <property name="guice.disable.misplaced.annotation.check" value="true"/>
    <property name="path.separator" value=";"/>
    <property name="java.vm.name" value="Java HotSpot(TM) 64-Bit Server VM"/>
    <property name="sun.os.patch.level" value=""/>
    <property name="user.script" value=""/>
    <property name="user.country" value="CN"/>
    <property name="sun.java.launcher" value="SUN_STANDARD"/>
    <property name="java.vm.specification.name" value="Java Virtual Machine Specification"/>
    <property name="user.dir" value="G:\JavaProjectForIDEA\guoji"/>
    <property name="java.vm.compressedOopsMode" value="32-bit"/>
    <property name="java.runtime.version" value="11.0.4+10-LTS"/>
    <property name="java.awt.graphicsenv" value="sun.awt.Win32GraphicsEnvironment"/>
    <property name="os.arch" value="amd64"/>
    <property name="java.io.tmpdir" value="C:\Users\www\AppData\Local\Temp\"/>
    <property name="line.separator" value="
"/>
    <property name="java.vm.specification.vendor" value="Oracle Corporation"/>
    <property name="user.variant" value=""/>
    <property name="os.name" value="Windows 10"/>
    <property name="classworlds.conf" value="D:\Apache_Maven\apache-maven-3.5.4\bin\m2.conf"/>
    <property name="sun.jnu.encoding" value="GBK"/>
    <property name="java.library.path" value="D:\java\bin;C:\WINDOWS\Sun\Java\bin;C:\WINDOWS\system32;C:\WINDOWS;D:\apache-tomcat-8.5.47-windows-x64\apache-tomcat-8.5.47\bin;D:\mysql-8.0.18-winx64\bin;C:\WINDOWS\system32;C:\WINDOWS;C:\WINDOWS\system32\wbem;C:\Program Files\dotnet\;D:\Apache_Maven\apache-maven-3.5.4\bin;D:\Git\cmd;D:\Matlab\runtime\win64;D:\Matlab\bin;D:\Matlab\polyspace\bin;D:\PuTTYwork\;D:\Python\Scripts\;D:\Python\;C:\Users\www\AppData\Local\Microsoft\WindowsApps;D:\apache-tomcat-8.5.47-windows-x64\apache-tomcat-8.5.47\bin;D:\java\bin;D:\java\jre\bin;C:\Windows\System32;C:\Users\www\AppData\Local\GitHubDesktop\bin;."/>
    <property name="maven.conf" value="D:\Apache_Maven\apache-maven-3.5.4/conf"/>
    <property name="jdk.debug" value="release"/>
    <property name="java.class.version" value="55.0"/>
    <property name="java.specification.name" value="Java Platform API Specification"/>
    <property name="sun.management.compiler" value="HotSpot 64-Bit Tiered Compilers"/>
    <property name="maven.repo.local" value="D:\Apache_Maven\rep_boot"/>
    <property name="os.version" value="10.0"/>
    <property name="user.home" value="C:\Users\www"/>
    <property name="user.timezone" value="Asia/Shanghai"/>
    <property name="java.awt.printerjob" value="sun.awt.windows.WPrinterJob"/>
    <property name="file.encoding" value="UTF-8"/>
    <property name="java.specification.version" value="11"/>
    <property name="user.name" value="www"/>
    <property name="java.class.path" value="D:\Apache_Maven\apache-maven-3.5.4\boot\plexus-classworlds-2.5.2.jar"/>
    <property name="java.vm.specification.version" value="11"/>
    <property name="sun.arch.data.model" value="64"/>
    <property name="sun.java.command" value="org.codehaus.classworlds.Launcher -Didea.version=2018.2.2 -s D:\Apache_Maven\apache-maven-3.5.4\conf\settings.xml -Dmaven.repo.local=D:\Apache_Maven\rep_boot install"/>
    <property name="java.home" value="D:\java"/>
    <property name="user.language" value="zh"/>
    <property name="java.specification.vendor" value="Oracle Corporation"/>
    <property name="awt.toolkit" value="sun.awt.windows.WToolkit"/>
    <property name="java.vm.info" value="mixed mode"/>
    <property name="java.version" value="11.0.4"/>
    <property name="java.vendor" value="Oracle Corporation"/>
    <property name="maven.home" value="D:\Apache_Maven\apache-maven-3.5.4"/>
    <property name="file.separator" value="\"/>
    <property name="java.version.date" value="2019-07-16"/>
    <property name="java.vendor.url.bug" value="http://bugreport.java.com/bugreport/"/>
    <property name="sun.io.unicode.encoding" value="UnicodeLittle"/>
    <property name="sun.cpu.endian" value="little"/>
    <property name="java.vendor.version" value="18.9"/>
    <property name="sun.desktop" value="windows"/>
    <property name="sun.cpu.isalist" value="amd64"/>
  </properties>
  <testcase classname="com.whpu.test.ProjectTest" name="testBill" time="0.726"/>
  <testcase classname="com.whpu.test.ProjectTest" name="testCast" time="0"/>
  <testcase classname="com.whpu.test.ProjectTest" name="testJdbc" time="0.021"/>
</testsuite>